# JRE version: OpenJDK Runtime Environment (11.0.10) (build 11.0.10+0-b96-7249189)
# Java VM: OpenJDK 64-Bit Server VM (11.0.10+0-b96-7249189, mixed mode, tiered, compressed oops, g1 gc, windows-amd64)
Heap:
 garbage-first heap   total 98304K, used 78629K [0x0000000080000000, 0x0000000100000000)
  region size 1024K, 16 young (16384K), 3 survivors (3072K)
 Metaspace       used 79344K, capacity 81130K, committed 81408K, reserved 1120256K
  class space    used 10289K, capacity 10947K, committed 11008K, reserved 1048576K
GC Heap History (20 events):
Event: 16.247 GC heap before
{Heap before GC invocations=19 (full 0):
 garbage-first heap   total 98304K, used 68646K [0x0000000080000000, 0x0000000100000000)
  region size 1024K, 19 young (19456K), 4 survivors (4096K)
 Metaspace       used 62520K, capacity 63981K, committed 64256K, reserved 1105920K
  class space    used 7906K, capacity 8427K, committed 8448K, reserved 1048576K
}
Event: 16.253 GC heap after
{Heap after GC invocations=20 (full 0):
 garbage-first heap   total 98304K, used 56750K [0x0000000080000000, 0x0000000100000000)
  region size 1024K, 2 young (2048K), 2 survivors (2048K)
 Metaspace       used 62520K, capacity 63981K, committed 64256K, reserved 1105920K
  class space    used 7906K, capacity 8427K, committed 8448K, reserved 1048576K
}
Event: 16.764 GC heap before
{Heap before GC invocations=21 (full 0):
 garbage-first heap   total 98304K, used 77230K [0x0000000080000000, 0x0000000100000000)
  region size 1024K, 21 young (21504K), 2 survivors (2048K)
 Metaspace       used 64448K, capacity 65970K, committed 66048K, reserved 1105920K
  class space    used 8159K, capacity 8681K, committed 8704K, reserved 1048576K
}
Event: 16.767 GC heap after
{Heap after GC invocations=22 (full 0):
 garbage-first heap   total 98304K, used 57148K [0x0000000080000000, 0x0000000100000000)
  region size 1024K, 2 young (2048K), 2 survivors (2048K)
 Metaspace       used 64448K, capacity 65970K, committed 66048K, reserved 1105920K
  class space    used 8159K, capacity 8681K, committed 8704K, reserved 1048576K
}
Event: 17.195 GC heap before
{Heap before GC invocations=22 (full 0):
 garbage-first heap   total 98304K, used 77628K [0x0000000080000000, 0x0000000100000000)
  region size 1024K, 22 young (22528K), 2 survivors (2048K)
 Metaspace       used 65719K, capacity 67281K, committed 67584K, reserved 1107968K
  class space    used 8323K, capacity 8878K, committed 8960K, reserved 1048576K
}
Event: 17.201 GC heap after
{Heap after GC invocations=23 (full 0):
 garbage-first heap   total 98304K, used 58667K [0x0000000080000000, 0x0000000100000000)
  region size 1024K, 3 young (3072K), 3 survivors (3072K)
 Metaspace       used 65719K, capacity 67281K, committed 67584K, reserved 1107968K
  class space    used 8323K, capacity 8878K, committed 8960K, reserved 1048576K
}
Event: 17.512 GC heap before
{Heap before GC invocations=24 (full 0):
 garbage-first heap   total 98304K, used 79147K [0x0000000080000000, 0x0000000100000000)
  region size 1024K, 23 young (23552K), 3 survivors (3072K)
 Metaspace       used 66067K, capacity 67711K, committed 67840K, reserved 1107968K
  class space    used 8350K, capacity 8916K, committed 8960K, reserved 1048576K
}
Event: 17.519 GC heap after
{Heap after GC invocations=25 (full 0):
 garbage-first heap   total 98304K, used 60842K [0x0000000080000000, 0x0000000100000000)
  region size 1024K, 3 young (3072K), 3 survivors (3072K)
 Metaspace       used 66067K, capacity 67711K, committed 67840K, reserved 1107968K
  class space    used 8350K, capacity 8916K, committed 8960K, reserved 1048576K
}
Event: 18.205 GC heap before
{Heap before GC invocations=25 (full 0):
 garbage-first heap   total 98304K, used 80298K [0x0000000080000000, 0x0000000100000000)
  region size 1024K, 22 young (22528K), 3 survivors (3072K)
 Metaspace       used 68529K, capacity 70161K, committed 70272K, reserved 1110016K
  class space    used 8744K, capacity 9307K, committed 9344K, reserved 1048576K
}
Event: 18.213 GC heap after
{Heap after GC invocations=26 (full 0):
 garbage-first heap   total 98304K, used 62096K [0x0000000080000000, 0x0000000100000000)
  region size 1024K, 2 young (2048K), 2 survivors (2048K)
 Metaspace       used 68529K, capacity 70161K, committed 70272K, reserved 1110016K
  class space    used 8744K, capacity 9307K, committed 9344K, reserved 1048576K
}
Event: 18.719 GC heap before
{Heap before GC invocations=27 (full 0):
 garbage-first heap   total 98304K, used 80528K [0x0000000080000000, 0x0000000100000000)
  region size 1024K, 20 young (20480K), 2 survivors (2048K)
 Metaspace       used 70750K, capacity 72408K, committed 72448K, reserved 1112064K
  class space    used 9100K, capacity 9709K, committed 9728K, reserved 1048576K
}
Event: 18.723 GC heap after
{Heap after GC invocations=28 (full 0):
 garbage-first heap   total 98304K, used 63270K [0x0000000080000000, 0x0000000100000000)
  region size 1024K, 3 young (3072K), 3 survivors (3072K)
 Metaspace       used 70750K, capacity 72408K, committed 72448K, reserved 1112064K
  class space    used 9100K, capacity 9709K, committed 9728K, reserved 1048576K
}
Event: 19.178 GC heap before
{Heap before GC invocations=28 (full 0):
 garbage-first heap   total 98304K, used 81702K [0x0000000080000000, 0x0000000100000000)
  region size 1024K, 21 young (21504K), 3 survivors (3072K)
 Metaspace       used 72410K, capacity 74108K, committed 74240K, reserved 1114112K
  class space    used 9317K, capacity 9929K, committed 9984K, reserved 1048576K
}
Event: 19.185 GC heap after
{Heap after GC invocations=29 (full 0):
 garbage-first heap   total 98304K, used 64685K [0x0000000080000000, 0x0000000100000000)
  region size 1024K, 3 young (3072K), 3 survivors (3072K)
 Metaspace       used 72410K, capacity 74108K, committed 74240K, reserved 1114112K
  class space    used 9317K, capacity 9929K, committed 9984K, reserved 1048576K
}
Event: 19.669 GC heap before
{Heap before GC invocations=30 (full 0):
 garbage-first heap   total 98304K, used 82093K [0x0000000080000000, 0x0000000100000000)
  region size 1024K, 20 young (20480K), 3 survivors (3072K)
 Metaspace       used 73720K, capacity 75460K, committed 75776K, reserved 1114112K
  class space    used 9519K, capacity 10162K, committed 10240K, reserved 1048576K
}
Event: 19.673 GC heap after
{Heap after GC invocations=31 (full 0):
 garbage-first heap   total 98304K, used 65656K [0x0000000080000000, 0x0000000100000000)
  region size 1024K, 3 young (3072K), 3 survivors (3072K)
 Metaspace       used 73720K, capacity 75460K, committed 75776K, reserved 1114112K
  class space    used 9519K, capacity 10162K, committed 10240K, reserved 1048576K
}
Event: 20.127 GC heap before
{Heap before GC invocations=31 (full 0):
 garbage-first heap   total 98304K, used 83064K [0x0000000080000000, 0x0000000100000000)
  region size 1024K, 20 young (20480K), 3 survivors (3072K)
 Metaspace       used 75718K, capacity 77483K, committed 77696K, reserved 1116160K
  class space    used 9846K, capacity 10516K, committed 10624K, reserved 1048576K
}
Event: 20.134 GC heap after
{Heap after GC invocations=32 (full 0):
 garbage-first heap   total 98304K, used 66207K [0x0000000080000000, 0x0000000100000000)
  region size 1024K, 2 young (2048K), 2 survivors (2048K)
 Metaspace       used 75718K, capacity 77483K, committed 77696K, reserved 1116160K
  class space    used 9846K, capacity 10516K, committed 10624K, reserved 1048576K
}
Event: 20.938 GC heap before
{Heap before GC invocations=33 (full 0):
 garbage-first heap   total 98304K, used 83615K [0x0000000080000000, 0x0000000100000000)
  region size 1024K, 19 young (19456K), 2 survivors (2048K)
 Metaspace       used 78270K, capacity 80099K, committed 80256K, reserved 1118208K
  class space    used 10150K, capacity 10799K, committed 10880K, reserved 1048576K
}
Event: 20.942 GC heap after
{Heap after GC invocations=34 (full 0):
 garbage-first heap   total 98304K, used 67365K [0x0000000080000000, 0x0000000100000000)
  region size 1024K, 3 young (3072K), 3 survivors (3072K)
 Metaspace       used 78270K, capacity 80099K, committed 80256K, reserved 1118208K
  class space    used 10150K, capacity 10799K, committed 10880K, reserved 1048576K
}

